[2021-03-22 16:52:54,231][ERROR][http-nio-8083-exec-4] Failed to call onClose method of POJO end point for POJO of type [com.company.demo.websocket.MyWebSocket] (DirectJDKLog.java:175)
java.lang.reflect.InvocationTargetException: null
	at sun.reflect.NativeMethodAccessorImpl.invoke0(Native Method) ~[?:1.8.0_271]
	at sun.reflect.NativeMethodAccessorImpl.invoke(NativeMethodAccessorImpl.java:62) ~[?:1.8.0_271]
	at sun.reflect.DelegatingMethodAccessorImpl.invoke(DelegatingMethodAccessorImpl.java:43) ~[?:1.8.0_271]
	at java.lang.reflect.Method.invoke(Method.java:498) ~[?:1.8.0_271]
	at org.apache.tomcat.websocket.pojo.PojoEndpointBase.onClose(PojoEndpointBase.java:103) [tomcat-embed-websocket-9.0.38.jar:9.0.38]
	at org.apache.tomcat.websocket.WsSession.fireEndpointOnClose(WsSession.java:556) [tomcat-embed-websocket-9.0.38.jar:9.0.38]
	at org.apache.tomcat.websocket.WsSession.onClose(WsSession.java:534) [tomcat-embed-websocket-9.0.38.jar:9.0.38]
	at org.apache.tomcat.websocket.WsFrameBase.processDataControl(WsFrameBase.java:354) [tomcat-embed-websocket-9.0.38.jar:9.0.38]
	at org.apache.tomcat.websocket.WsFrameBase.processData(WsFrameBase.java:296) [tomcat-embed-websocket-9.0.38.jar:9.0.38]
	at org.apache.tomcat.websocket.WsFrameBase.processInputBuffer(WsFrameBase.java:133) [tomcat-embed-websocket-9.0.38.jar:9.0.38]
	at org.apache.tomcat.websocket.server.WsFrameServer.onDataAvailable(WsFrameServer.java:82) [tomcat-embed-websocket-9.0.38.jar:9.0.38]
	at org.apache.tomcat.websocket.server.WsFrameServer.doOnDataAvailable(WsFrameServer.java:171) [tomcat-embed-websocket-9.0.38.jar:9.0.38]
	at org.apache.tomcat.websocket.server.WsFrameServer.notifyDataAvailable(WsFrameServer.java:151) [tomcat-embed-websocket-9.0.38.jar:9.0.38]
	at org.apache.tomcat.websocket.server.WsHttpUpgradeHandler.upgradeDispatch(WsHttpUpgradeHandler.java:148) [tomcat-embed-websocket-9.0.38.jar:9.0.38]
	at org.apache.coyote.http11.upgrade.UpgradeProcessorInternal.dispatch(UpgradeProcessorInternal.java:54) [tomcat-embed-core-9.0.38.jar:9.0.38]
	at org.apache.coyote.AbstractProcessorLight.process(AbstractProcessorLight.java:59) [tomcat-embed-core-9.0.38.jar:9.0.38]
	at org.apache.coyote.AbstractProtocol$ConnectionHandler.process(AbstractProtocol.java:868) [tomcat-embed-core-9.0.38.jar:9.0.38]
	at org.apache.tomcat.util.net.NioEndpoint$SocketProcessor.doRun(NioEndpoint.java:1590) [tomcat-embed-core-9.0.38.jar:9.0.38]
	at org.apache.tomcat.util.net.SocketProcessorBase.run(SocketProcessorBase.java:49) [tomcat-embed-core-9.0.38.jar:9.0.38]
	at java.util.concurrent.ThreadPoolExecutor.runWorker(ThreadPoolExecutor.java:1149) [?:1.8.0_271]
	at java.util.concurrent.ThreadPoolExecutor$Worker.run(ThreadPoolExecutor.java:624) [?:1.8.0_271]
	at org.apache.tomcat.util.threads.TaskThread$WrappingRunnable.run(TaskThread.java:61) [tomcat-embed-core-9.0.38.jar:9.0.38]
	at java.lang.Thread.run(Thread.java:748) [?:1.8.0_271]
Caused by: java.lang.NullPointerException
	at java.util.concurrent.ConcurrentHashMap.replaceNode(ConcurrentHashMap.java:1106) ~[?:1.8.0_271]
	at java.util.concurrent.ConcurrentHashMap.remove(ConcurrentHashMap.java:1097) ~[?:1.8.0_271]
	at com.company.demo.websocket.MyWebSocket.onClose(MyWebSocket.java:86) ~[classes/:?]
	... 23 more
[2021-03-22 16:52:54,236][ERROR][http-nio-8083-exec-4] 发生错误：null，Session ID： 0 (MyWebSocket.java:78)
[2021-03-22 17:02:01,368][ERROR][http-nio-8083-exec-2] Failed to call onClose method of POJO end point for POJO of type [com.company.demo.websocket.MyWebSocket] (DirectJDKLog.java:175)
java.lang.reflect.InvocationTargetException: null
	at sun.reflect.NativeMethodAccessorImpl.invoke0(Native Method) ~[?:1.8.0_271]
	at sun.reflect.NativeMethodAccessorImpl.invoke(NativeMethodAccessorImpl.java:62) ~[?:1.8.0_271]
	at sun.reflect.DelegatingMethodAccessorImpl.invoke(DelegatingMethodAccessorImpl.java:43) ~[?:1.8.0_271]
	at java.lang.reflect.Method.invoke(Method.java:498) ~[?:1.8.0_271]
	at org.apache.tomcat.websocket.pojo.PojoEndpointBase.onClose(PojoEndpointBase.java:103) [tomcat-embed-websocket-9.0.38.jar:9.0.38]
	at org.apache.tomcat.websocket.WsSession.fireEndpointOnClose(WsSession.java:556) [tomcat-embed-websocket-9.0.38.jar:9.0.38]
	at org.apache.tomcat.websocket.WsSession.onClose(WsSession.java:534) [tomcat-embed-websocket-9.0.38.jar:9.0.38]
	at org.apache.tomcat.websocket.WsFrameBase.processDataControl(WsFrameBase.java:354) [tomcat-embed-websocket-9.0.38.jar:9.0.38]
	at org.apache.tomcat.websocket.WsFrameBase.processData(WsFrameBase.java:296) [tomcat-embed-websocket-9.0.38.jar:9.0.38]
	at org.apache.tomcat.websocket.WsFrameBase.processInputBuffer(WsFrameBase.java:133) [tomcat-embed-websocket-9.0.38.jar:9.0.38]
	at org.apache.tomcat.websocket.server.WsFrameServer.onDataAvailable(WsFrameServer.java:82) [tomcat-embed-websocket-9.0.38.jar:9.0.38]
	at org.apache.tomcat.websocket.server.WsFrameServer.doOnDataAvailable(WsFrameServer.java:171) [tomcat-embed-websocket-9.0.38.jar:9.0.38]
	at org.apache.tomcat.websocket.server.WsFrameServer.notifyDataAvailable(WsFrameServer.java:151) [tomcat-embed-websocket-9.0.38.jar:9.0.38]
	at org.apache.tomcat.websocket.server.WsHttpUpgradeHandler.upgradeDispatch(WsHttpUpgradeHandler.java:148) [tomcat-embed-websocket-9.0.38.jar:9.0.38]
	at org.apache.coyote.http11.upgrade.UpgradeProcessorInternal.dispatch(UpgradeProcessorInternal.java:54) [tomcat-embed-core-9.0.38.jar:9.0.38]
	at org.apache.coyote.AbstractProcessorLight.process(AbstractProcessorLight.java:59) [tomcat-embed-core-9.0.38.jar:9.0.38]
	at org.apache.coyote.AbstractProtocol$ConnectionHandler.process(AbstractProtocol.java:868) [tomcat-embed-core-9.0.38.jar:9.0.38]
	at org.apache.tomcat.util.net.NioEndpoint$SocketProcessor.doRun(NioEndpoint.java:1590) [tomcat-embed-core-9.0.38.jar:9.0.38]
	at org.apache.tomcat.util.net.SocketProcessorBase.run(SocketProcessorBase.java:49) [tomcat-embed-core-9.0.38.jar:9.0.38]
	at java.util.concurrent.ThreadPoolExecutor.runWorker(ThreadPoolExecutor.java:1149) [?:1.8.0_271]
	at java.util.concurrent.ThreadPoolExecutor$Worker.run(ThreadPoolExecutor.java:624) [?:1.8.0_271]
	at org.apache.tomcat.util.threads.TaskThread$WrappingRunnable.run(TaskThread.java:61) [tomcat-embed-core-9.0.38.jar:9.0.38]
	at java.lang.Thread.run(Thread.java:748) [?:1.8.0_271]
Caused by: java.lang.NullPointerException
	at java.util.concurrent.ConcurrentHashMap.replaceNode(ConcurrentHashMap.java:1106) ~[?:1.8.0_271]
	at java.util.concurrent.ConcurrentHashMap.remove(ConcurrentHashMap.java:1097) ~[?:1.8.0_271]
	at com.company.demo.websocket.MyWebSocket.onClose(MyWebSocket.java:64) ~[classes/:?]
	... 23 more
[2021-03-22 17:02:01,376][ERROR][http-nio-8083-exec-2] 发生错误：null，Session ID： {} (MyWebSocket.java:72)
[2021-03-22 17:19:59,918][ERROR][http-nio-8083-exec-8] Failed to call onClose method of POJO end point for POJO of type [com.company.demo.websocket.MyWebSocket] (DirectJDKLog.java:175)
java.lang.reflect.InvocationTargetException: null
	at sun.reflect.NativeMethodAccessorImpl.invoke0(Native Method) ~[?:1.8.0_271]
	at sun.reflect.NativeMethodAccessorImpl.invoke(NativeMethodAccessorImpl.java:62) ~[?:1.8.0_271]
	at sun.reflect.DelegatingMethodAccessorImpl.invoke(DelegatingMethodAccessorImpl.java:43) ~[?:1.8.0_271]
	at java.lang.reflect.Method.invoke(Method.java:498) ~[?:1.8.0_271]
	at org.apache.tomcat.websocket.pojo.PojoEndpointBase.onClose(PojoEndpointBase.java:103) [tomcat-embed-websocket-9.0.38.jar:9.0.38]
	at org.apache.tomcat.websocket.WsSession.fireEndpointOnClose(WsSession.java:556) [tomcat-embed-websocket-9.0.38.jar:9.0.38]
	at org.apache.tomcat.websocket.WsSession.onClose(WsSession.java:534) [tomcat-embed-websocket-9.0.38.jar:9.0.38]
	at org.apache.tomcat.websocket.WsFrameBase.processDataControl(WsFrameBase.java:354) [tomcat-embed-websocket-9.0.38.jar:9.0.38]
	at org.apache.tomcat.websocket.WsFrameBase.processData(WsFrameBase.java:296) [tomcat-embed-websocket-9.0.38.jar:9.0.38]
	at org.apache.tomcat.websocket.WsFrameBase.processInputBuffer(WsFrameBase.java:133) [tomcat-embed-websocket-9.0.38.jar:9.0.38]
	at org.apache.tomcat.websocket.server.WsFrameServer.onDataAvailable(WsFrameServer.java:82) [tomcat-embed-websocket-9.0.38.jar:9.0.38]
	at org.apache.tomcat.websocket.server.WsFrameServer.doOnDataAvailable(WsFrameServer.java:171) [tomcat-embed-websocket-9.0.38.jar:9.0.38]
	at org.apache.tomcat.websocket.server.WsFrameServer.notifyDataAvailable(WsFrameServer.java:151) [tomcat-embed-websocket-9.0.38.jar:9.0.38]
	at org.apache.tomcat.websocket.server.WsHttpUpgradeHandler.upgradeDispatch(WsHttpUpgradeHandler.java:148) [tomcat-embed-websocket-9.0.38.jar:9.0.38]
	at org.apache.coyote.http11.upgrade.UpgradeProcessorInternal.dispatch(UpgradeProcessorInternal.java:54) [tomcat-embed-core-9.0.38.jar:9.0.38]
	at org.apache.coyote.AbstractProcessorLight.process(AbstractProcessorLight.java:59) [tomcat-embed-core-9.0.38.jar:9.0.38]
	at org.apache.coyote.AbstractProtocol$ConnectionHandler.process(AbstractProtocol.java:868) [tomcat-embed-core-9.0.38.jar:9.0.38]
	at org.apache.tomcat.util.net.NioEndpoint$SocketProcessor.doRun(NioEndpoint.java:1590) [tomcat-embed-core-9.0.38.jar:9.0.38]
	at org.apache.tomcat.util.net.SocketProcessorBase.run(SocketProcessorBase.java:49) [tomcat-embed-core-9.0.38.jar:9.0.38]
	at java.util.concurrent.ThreadPoolExecutor.runWorker(ThreadPoolExecutor.java:1149) [?:1.8.0_271]
	at java.util.concurrent.ThreadPoolExecutor$Worker.run(ThreadPoolExecutor.java:624) [?:1.8.0_271]
	at org.apache.tomcat.util.threads.TaskThread$WrappingRunnable.run(TaskThread.java:61) [tomcat-embed-core-9.0.38.jar:9.0.38]
	at java.lang.Thread.run(Thread.java:748) [?:1.8.0_271]
Caused by: java.lang.NullPointerException
	at java.util.concurrent.ConcurrentHashMap.replaceNode(ConcurrentHashMap.java:1106) ~[?:1.8.0_271]
	at java.util.concurrent.ConcurrentHashMap.remove(ConcurrentHashMap.java:1097) ~[?:1.8.0_271]
	at com.company.demo.websocket.MyWebSocket.onClose(MyWebSocket.java:64) ~[classes/:?]
	... 23 more
[2021-03-22 17:19:59,921][ERROR][http-nio-8083-exec-8] 发生错误：null，Session ID： {} (MyWebSocket.java:72)
[2021-03-22 17:25:54,132][ERROR][http-nio-8083-exec-2] Failed to call onClose method of POJO end point for POJO of type [com.company.demo.websocket.MyWebSocket] (DirectJDKLog.java:175)
java.lang.reflect.InvocationTargetException: null
	at sun.reflect.NativeMethodAccessorImpl.invoke0(Native Method) ~[?:1.8.0_271]
	at sun.reflect.NativeMethodAccessorImpl.invoke(NativeMethodAccessorImpl.java:62) ~[?:1.8.0_271]
	at sun.reflect.DelegatingMethodAccessorImpl.invoke(DelegatingMethodAccessorImpl.java:43) ~[?:1.8.0_271]
	at java.lang.reflect.Method.invoke(Method.java:498) ~[?:1.8.0_271]
	at org.apache.tomcat.websocket.pojo.PojoEndpointBase.onClose(PojoEndpointBase.java:103) [tomcat-embed-websocket-9.0.38.jar:9.0.38]
	at org.apache.tomcat.websocket.WsSession.fireEndpointOnClose(WsSession.java:556) [tomcat-embed-websocket-9.0.38.jar:9.0.38]
	at org.apache.tomcat.websocket.WsSession.onClose(WsSession.java:534) [tomcat-embed-websocket-9.0.38.jar:9.0.38]
	at org.apache.tomcat.websocket.WsFrameBase.processDataControl(WsFrameBase.java:354) [tomcat-embed-websocket-9.0.38.jar:9.0.38]
	at org.apache.tomcat.websocket.WsFrameBase.processData(WsFrameBase.java:296) [tomcat-embed-websocket-9.0.38.jar:9.0.38]
	at org.apache.tomcat.websocket.WsFrameBase.processInputBuffer(WsFrameBase.java:133) [tomcat-embed-websocket-9.0.38.jar:9.0.38]
	at org.apache.tomcat.websocket.server.WsFrameServer.onDataAvailable(WsFrameServer.java:82) [tomcat-embed-websocket-9.0.38.jar:9.0.38]
	at org.apache.tomcat.websocket.server.WsFrameServer.doOnDataAvailable(WsFrameServer.java:171) [tomcat-embed-websocket-9.0.38.jar:9.0.38]
	at org.apache.tomcat.websocket.server.WsFrameServer.notifyDataAvailable(WsFrameServer.java:151) [tomcat-embed-websocket-9.0.38.jar:9.0.38]
	at org.apache.tomcat.websocket.server.WsHttpUpgradeHandler.upgradeDispatch(WsHttpUpgradeHandler.java:148) [tomcat-embed-websocket-9.0.38.jar:9.0.38]
	at org.apache.coyote.http11.upgrade.UpgradeProcessorInternal.dispatch(UpgradeProcessorInternal.java:54) [tomcat-embed-core-9.0.38.jar:9.0.38]
	at org.apache.coyote.AbstractProcessorLight.process(AbstractProcessorLight.java:59) [tomcat-embed-core-9.0.38.jar:9.0.38]
	at org.apache.coyote.AbstractProtocol$ConnectionHandler.process(AbstractProtocol.java:868) [tomcat-embed-core-9.0.38.jar:9.0.38]
	at org.apache.tomcat.util.net.NioEndpoint$SocketProcessor.doRun(NioEndpoint.java:1590) [tomcat-embed-core-9.0.38.jar:9.0.38]
	at org.apache.tomcat.util.net.SocketProcessorBase.run(SocketProcessorBase.java:49) [tomcat-embed-core-9.0.38.jar:9.0.38]
	at java.util.concurrent.ThreadPoolExecutor.runWorker(ThreadPoolExecutor.java:1149) [?:1.8.0_271]
	at java.util.concurrent.ThreadPoolExecutor$Worker.run(ThreadPoolExecutor.java:624) [?:1.8.0_271]
	at org.apache.tomcat.util.threads.TaskThread$WrappingRunnable.run(TaskThread.java:61) [tomcat-embed-core-9.0.38.jar:9.0.38]
	at java.lang.Thread.run(Thread.java:748) [?:1.8.0_271]
Caused by: java.lang.NullPointerException
	at java.util.concurrent.ConcurrentHashMap.replaceNode(ConcurrentHashMap.java:1106) ~[?:1.8.0_271]
	at java.util.concurrent.ConcurrentHashMap.remove(ConcurrentHashMap.java:1097) ~[?:1.8.0_271]
	at com.company.demo.websocket.MyWebSocket.onClose(MyWebSocket.java:64) ~[classes/:?]
	... 23 more
[2021-03-22 17:25:54,134][ERROR][http-nio-8083-exec-2] 发生错误：null，Session ID： {} (MyWebSocket.java:72)
[2021-03-22 17:32:58,938][ERROR][http-nio-8083-exec-5] Failed to call onClose method of POJO end point for POJO of type [com.company.demo.websocket.MyWebSocket] (DirectJDKLog.java:175)
java.lang.reflect.InvocationTargetException: null
	at sun.reflect.NativeMethodAccessorImpl.invoke0(Native Method) ~[?:1.8.0_271]
	at sun.reflect.NativeMethodAccessorImpl.invoke(NativeMethodAccessorImpl.java:62) ~[?:1.8.0_271]
	at sun.reflect.DelegatingMethodAccessorImpl.invoke(DelegatingMethodAccessorImpl.java:43) ~[?:1.8.0_271]
	at java.lang.reflect.Method.invoke(Method.java:498) ~[?:1.8.0_271]
	at org.apache.tomcat.websocket.pojo.PojoEndpointBase.onClose(PojoEndpointBase.java:103) [tomcat-embed-websocket-9.0.38.jar:9.0.38]
	at org.apache.tomcat.websocket.WsSession.fireEndpointOnClose(WsSession.java:556) [tomcat-embed-websocket-9.0.38.jar:9.0.38]
	at org.apache.tomcat.websocket.WsSession.onClose(WsSession.java:534) [tomcat-embed-websocket-9.0.38.jar:9.0.38]
	at org.apache.tomcat.websocket.WsFrameBase.processDataControl(WsFrameBase.java:354) [tomcat-embed-websocket-9.0.38.jar:9.0.38]
	at org.apache.tomcat.websocket.WsFrameBase.processData(WsFrameBase.java:296) [tomcat-embed-websocket-9.0.38.jar:9.0.38]
	at org.apache.tomcat.websocket.WsFrameBase.processInputBuffer(WsFrameBase.java:133) [tomcat-embed-websocket-9.0.38.jar:9.0.38]
	at org.apache.tomcat.websocket.server.WsFrameServer.onDataAvailable(WsFrameServer.java:82) [tomcat-embed-websocket-9.0.38.jar:9.0.38]
	at org.apache.tomcat.websocket.server.WsFrameServer.doOnDataAvailable(WsFrameServer.java:171) [tomcat-embed-websocket-9.0.38.jar:9.0.38]
	at org.apache.tomcat.websocket.server.WsFrameServer.notifyDataAvailable(WsFrameServer.java:151) [tomcat-embed-websocket-9.0.38.jar:9.0.38]
	at org.apache.tomcat.websocket.server.WsHttpUpgradeHandler.upgradeDispatch(WsHttpUpgradeHandler.java:148) [tomcat-embed-websocket-9.0.38.jar:9.0.38]
	at org.apache.coyote.http11.upgrade.UpgradeProcessorInternal.dispatch(UpgradeProcessorInternal.java:54) [tomcat-embed-core-9.0.38.jar:9.0.38]
	at org.apache.coyote.AbstractProcessorLight.process(AbstractProcessorLight.java:59) [tomcat-embed-core-9.0.38.jar:9.0.38]
	at org.apache.coyote.AbstractProtocol$ConnectionHandler.process(AbstractProtocol.java:868) [tomcat-embed-core-9.0.38.jar:9.0.38]
	at org.apache.tomcat.util.net.NioEndpoint$SocketProcessor.doRun(NioEndpoint.java:1590) [tomcat-embed-core-9.0.38.jar:9.0.38]
	at org.apache.tomcat.util.net.SocketProcessorBase.run(SocketProcessorBase.java:49) [tomcat-embed-core-9.0.38.jar:9.0.38]
	at java.util.concurrent.ThreadPoolExecutor.runWorker(ThreadPoolExecutor.java:1149) [?:1.8.0_271]
	at java.util.concurrent.ThreadPoolExecutor$Worker.run(ThreadPoolExecutor.java:624) [?:1.8.0_271]
	at org.apache.tomcat.util.threads.TaskThread$WrappingRunnable.run(TaskThread.java:61) [tomcat-embed-core-9.0.38.jar:9.0.38]
	at java.lang.Thread.run(Thread.java:748) [?:1.8.0_271]
Caused by: java.lang.NullPointerException
	at com.company.demo.websocket.MyWebSocket.onClose(MyWebSocket.java:64) ~[classes/:?]
	... 23 more
[2021-03-22 17:32:58,947][ERROR][http-nio-8083-exec-5] 发生错误：null，Session ID： 0 (MyWebSocket.java:75)
[2021-03-22 17:33:01,491][ERROR][http-nio-8083-exec-6] Failed to call onClose method of POJO end point for POJO of type [com.company.demo.websocket.MyWebSocket] (DirectJDKLog.java:175)
java.lang.reflect.InvocationTargetException: null
	at sun.reflect.NativeMethodAccessorImpl.invoke0(Native Method) ~[?:1.8.0_271]
	at sun.reflect.NativeMethodAccessorImpl.invoke(NativeMethodAccessorImpl.java:62) ~[?:1.8.0_271]
	at sun.reflect.DelegatingMethodAccessorImpl.invoke(DelegatingMethodAccessorImpl.java:43) ~[?:1.8.0_271]
	at java.lang.reflect.Method.invoke(Method.java:498) ~[?:1.8.0_271]
	at org.apache.tomcat.websocket.pojo.PojoEndpointBase.onClose(PojoEndpointBase.java:103) [tomcat-embed-websocket-9.0.38.jar:9.0.38]
	at org.apache.tomcat.websocket.WsSession.fireEndpointOnClose(WsSession.java:556) [tomcat-embed-websocket-9.0.38.jar:9.0.38]
	at org.apache.tomcat.websocket.WsSession.onClose(WsSession.java:534) [tomcat-embed-websocket-9.0.38.jar:9.0.38]
	at org.apache.tomcat.websocket.WsFrameBase.processDataControl(WsFrameBase.java:354) [tomcat-embed-websocket-9.0.38.jar:9.0.38]
	at org.apache.tomcat.websocket.WsFrameBase.processData(WsFrameBase.java:296) [tomcat-embed-websocket-9.0.38.jar:9.0.38]
	at org.apache.tomcat.websocket.WsFrameBase.processInputBuffer(WsFrameBase.java:133) [tomcat-embed-websocket-9.0.38.jar:9.0.38]
	at org.apache.tomcat.websocket.server.WsFrameServer.onDataAvailable(WsFrameServer.java:82) [tomcat-embed-websocket-9.0.38.jar:9.0.38]
	at org.apache.tomcat.websocket.server.WsFrameServer.doOnDataAvailable(WsFrameServer.java:171) [tomcat-embed-websocket-9.0.38.jar:9.0.38]
	at org.apache.tomcat.websocket.server.WsFrameServer.notifyDataAvailable(WsFrameServer.java:151) [tomcat-embed-websocket-9.0.38.jar:9.0.38]
	at org.apache.tomcat.websocket.server.WsHttpUpgradeHandler.upgradeDispatch(WsHttpUpgradeHandler.java:148) [tomcat-embed-websocket-9.0.38.jar:9.0.38]
	at org.apache.coyote.http11.upgrade.UpgradeProcessorInternal.dispatch(UpgradeProcessorInternal.java:54) [tomcat-embed-core-9.0.38.jar:9.0.38]
	at org.apache.coyote.AbstractProcessorLight.process(AbstractProcessorLight.java:59) [tomcat-embed-core-9.0.38.jar:9.0.38]
	at org.apache.coyote.AbstractProtocol$ConnectionHandler.process(AbstractProtocol.java:868) [tomcat-embed-core-9.0.38.jar:9.0.38]
	at org.apache.tomcat.util.net.NioEndpoint$SocketProcessor.doRun(NioEndpoint.java:1590) [tomcat-embed-core-9.0.38.jar:9.0.38]
	at org.apache.tomcat.util.net.SocketProcessorBase.run(SocketProcessorBase.java:49) [tomcat-embed-core-9.0.38.jar:9.0.38]
	at java.util.concurrent.ThreadPoolExecutor.runWorker(ThreadPoolExecutor.java:1149) [?:1.8.0_271]
	at java.util.concurrent.ThreadPoolExecutor$Worker.run(ThreadPoolExecutor.java:624) [?:1.8.0_271]
	at org.apache.tomcat.util.threads.TaskThread$WrappingRunnable.run(TaskThread.java:61) [tomcat-embed-core-9.0.38.jar:9.0.38]
	at java.lang.Thread.run(Thread.java:748) [?:1.8.0_271]
Caused by: java.lang.NullPointerException
	at com.company.demo.websocket.MyWebSocket.onClose(MyWebSocket.java:64) ~[classes/:?]
	... 23 more
[2021-03-22 17:33:01,493][ERROR][http-nio-8083-exec-6] 发生错误：null，Session ID： 1 (MyWebSocket.java:75)
[2021-03-22 17:34:36,163][ERROR][http-nio-8083-exec-1] Failed to call onClose method of POJO end point for POJO of type [com.company.demo.websocket.MyWebSocket] (DirectJDKLog.java:175)
java.lang.reflect.InvocationTargetException: null
	at sun.reflect.NativeMethodAccessorImpl.invoke0(Native Method) ~[?:1.8.0_271]
	at sun.reflect.NativeMethodAccessorImpl.invoke(NativeMethodAccessorImpl.java:62) ~[?:1.8.0_271]
	at sun.reflect.DelegatingMethodAccessorImpl.invoke(DelegatingMethodAccessorImpl.java:43) ~[?:1.8.0_271]
	at java.lang.reflect.Method.invoke(Method.java:498) ~[?:1.8.0_271]
	at org.apache.tomcat.websocket.pojo.PojoEndpointBase.onClose(PojoEndpointBase.java:103) [tomcat-embed-websocket-9.0.38.jar:9.0.38]
	at org.apache.tomcat.websocket.WsSession.fireEndpointOnClose(WsSession.java:556) [tomcat-embed-websocket-9.0.38.jar:9.0.38]
	at org.apache.tomcat.websocket.WsSession.onClose(WsSession.java:534) [tomcat-embed-websocket-9.0.38.jar:9.0.38]
	at org.apache.tomcat.websocket.WsFrameBase.processDataControl(WsFrameBase.java:354) [tomcat-embed-websocket-9.0.38.jar:9.0.38]
	at org.apache.tomcat.websocket.WsFrameBase.processData(WsFrameBase.java:296) [tomcat-embed-websocket-9.0.38.jar:9.0.38]
	at org.apache.tomcat.websocket.WsFrameBase.processInputBuffer(WsFrameBase.java:133) [tomcat-embed-websocket-9.0.38.jar:9.0.38]
	at org.apache.tomcat.websocket.server.WsFrameServer.onDataAvailable(WsFrameServer.java:82) [tomcat-embed-websocket-9.0.38.jar:9.0.38]
	at org.apache.tomcat.websocket.server.WsFrameServer.doOnDataAvailable(WsFrameServer.java:171) [tomcat-embed-websocket-9.0.38.jar:9.0.38]
	at org.apache.tomcat.websocket.server.WsFrameServer.notifyDataAvailable(WsFrameServer.java:151) [tomcat-embed-websocket-9.0.38.jar:9.0.38]
	at org.apache.tomcat.websocket.server.WsHttpUpgradeHandler.upgradeDispatch(WsHttpUpgradeHandler.java:148) [tomcat-embed-websocket-9.0.38.jar:9.0.38]
	at org.apache.coyote.http11.upgrade.UpgradeProcessorInternal.dispatch(UpgradeProcessorInternal.java:54) [tomcat-embed-core-9.0.38.jar:9.0.38]
	at org.apache.coyote.AbstractProcessorLight.process(AbstractProcessorLight.java:59) [tomcat-embed-core-9.0.38.jar:9.0.38]
	at org.apache.coyote.AbstractProtocol$ConnectionHandler.process(AbstractProtocol.java:868) [tomcat-embed-core-9.0.38.jar:9.0.38]
	at org.apache.tomcat.util.net.NioEndpoint$SocketProcessor.doRun(NioEndpoint.java:1590) [tomcat-embed-core-9.0.38.jar:9.0.38]
	at org.apache.tomcat.util.net.SocketProcessorBase.run(SocketProcessorBase.java:49) [tomcat-embed-core-9.0.38.jar:9.0.38]
	at java.util.concurrent.ThreadPoolExecutor.runWorker(ThreadPoolExecutor.java:1149) [?:1.8.0_271]
	at java.util.concurrent.ThreadPoolExecutor$Worker.run(ThreadPoolExecutor.java:624) [?:1.8.0_271]
	at org.apache.tomcat.util.threads.TaskThread$WrappingRunnable.run(TaskThread.java:61) [tomcat-embed-core-9.0.38.jar:9.0.38]
	at java.lang.Thread.run(Thread.java:748) [?:1.8.0_271]
Caused by: java.lang.NullPointerException
	at com.company.demo.websocket.MyWebSocket.onClose(MyWebSocket.java:64) ~[classes/:?]
	... 23 more
[2021-03-22 17:34:36,164][ERROR][http-nio-8083-exec-1] 发生错误：null，Session ID： 3 (MyWebSocket.java:75)
[2021-03-22 17:43:36,734][ERROR][http-nio-8083-exec-4] Failed to call onClose method of POJO end point for POJO of type [com.company.demo.websocket.MyWebSocket] (DirectJDKLog.java:175)
java.lang.reflect.InvocationTargetException: null
	at sun.reflect.NativeMethodAccessorImpl.invoke0(Native Method) ~[?:1.8.0_271]
	at sun.reflect.NativeMethodAccessorImpl.invoke(NativeMethodAccessorImpl.java:62) ~[?:1.8.0_271]
	at sun.reflect.DelegatingMethodAccessorImpl.invoke(DelegatingMethodAccessorImpl.java:43) ~[?:1.8.0_271]
	at java.lang.reflect.Method.invoke(Method.java:498) ~[?:1.8.0_271]
	at org.apache.tomcat.websocket.pojo.PojoEndpointBase.onClose(PojoEndpointBase.java:103) [tomcat-embed-websocket-9.0.38.jar:9.0.38]
	at org.apache.tomcat.websocket.WsSession.fireEndpointOnClose(WsSession.java:556) [tomcat-embed-websocket-9.0.38.jar:9.0.38]
	at org.apache.tomcat.websocket.WsSession.onClose(WsSession.java:534) [tomcat-embed-websocket-9.0.38.jar:9.0.38]
	at org.apache.tomcat.websocket.WsFrameBase.processDataControl(WsFrameBase.java:354) [tomcat-embed-websocket-9.0.38.jar:9.0.38]
	at org.apache.tomcat.websocket.WsFrameBase.processData(WsFrameBase.java:296) [tomcat-embed-websocket-9.0.38.jar:9.0.38]
	at org.apache.tomcat.websocket.WsFrameBase.processInputBuffer(WsFrameBase.java:133) [tomcat-embed-websocket-9.0.38.jar:9.0.38]
	at org.apache.tomcat.websocket.server.WsFrameServer.onDataAvailable(WsFrameServer.java:82) [tomcat-embed-websocket-9.0.38.jar:9.0.38]
	at org.apache.tomcat.websocket.server.WsFrameServer.doOnDataAvailable(WsFrameServer.java:171) [tomcat-embed-websocket-9.0.38.jar:9.0.38]
	at org.apache.tomcat.websocket.server.WsFrameServer.notifyDataAvailable(WsFrameServer.java:151) [tomcat-embed-websocket-9.0.38.jar:9.0.38]
	at org.apache.tomcat.websocket.server.WsHttpUpgradeHandler.upgradeDispatch(WsHttpUpgradeHandler.java:148) [tomcat-embed-websocket-9.0.38.jar:9.0.38]
	at org.apache.coyote.http11.upgrade.UpgradeProcessorInternal.dispatch(UpgradeProcessorInternal.java:54) [tomcat-embed-core-9.0.38.jar:9.0.38]
	at org.apache.coyote.AbstractProcessorLight.process(AbstractProcessorLight.java:59) [tomcat-embed-core-9.0.38.jar:9.0.38]
	at org.apache.coyote.AbstractProtocol$ConnectionHandler.process(AbstractProtocol.java:868) [tomcat-embed-core-9.0.38.jar:9.0.38]
	at org.apache.tomcat.util.net.NioEndpoint$SocketProcessor.doRun(NioEndpoint.java:1590) [tomcat-embed-core-9.0.38.jar:9.0.38]
	at org.apache.tomcat.util.net.SocketProcessorBase.run(SocketProcessorBase.java:49) [tomcat-embed-core-9.0.38.jar:9.0.38]
	at java.util.concurrent.ThreadPoolExecutor.runWorker(ThreadPoolExecutor.java:1149) [?:1.8.0_271]
	at java.util.concurrent.ThreadPoolExecutor$Worker.run(ThreadPoolExecutor.java:624) [?:1.8.0_271]
	at org.apache.tomcat.util.threads.TaskThread$WrappingRunnable.run(TaskThread.java:61) [tomcat-embed-core-9.0.38.jar:9.0.38]
	at java.lang.Thread.run(Thread.java:748) [?:1.8.0_271]
Caused by: java.lang.NullPointerException
	at com.company.demo.websocket.MyWebSocket.onClose(MyWebSocket.java:64) ~[classes/:?]
	... 23 more
[2021-03-22 17:43:36,741][ERROR][http-nio-8083-exec-4] 发生错误：null，Session ID： 1 (MyWebSocket.java:75)
[2021-03-22 17:58:00,734][ERROR][http-nio-8083-exec-3] Failed to call onClose method of POJO end point for POJO of type [com.company.demo.websocket.MyWebSocket] (DirectJDKLog.java:175)
java.lang.reflect.InvocationTargetException: null
	at sun.reflect.NativeMethodAccessorImpl.invoke0(Native Method) ~[?:1.8.0_271]
	at sun.reflect.NativeMethodAccessorImpl.invoke(NativeMethodAccessorImpl.java:62) ~[?:1.8.0_271]
	at sun.reflect.DelegatingMethodAccessorImpl.invoke(DelegatingMethodAccessorImpl.java:43) ~[?:1.8.0_271]
	at java.lang.reflect.Method.invoke(Method.java:498) ~[?:1.8.0_271]
	at org.apache.tomcat.websocket.pojo.PojoEndpointBase.onClose(PojoEndpointBase.java:103) [tomcat-embed-websocket-9.0.38.jar:9.0.38]
	at org.apache.tomcat.websocket.WsSession.fireEndpointOnClose(WsSession.java:556) [tomcat-embed-websocket-9.0.38.jar:9.0.38]
	at org.apache.tomcat.websocket.WsSession.onClose(WsSession.java:534) [tomcat-embed-websocket-9.0.38.jar:9.0.38]
	at org.apache.tomcat.websocket.WsFrameBase.processDataControl(WsFrameBase.java:354) [tomcat-embed-websocket-9.0.38.jar:9.0.38]
	at org.apache.tomcat.websocket.WsFrameBase.processData(WsFrameBase.java:296) [tomcat-embed-websocket-9.0.38.jar:9.0.38]
	at org.apache.tomcat.websocket.WsFrameBase.processInputBuffer(WsFrameBase.java:133) [tomcat-embed-websocket-9.0.38.jar:9.0.38]
	at org.apache.tomcat.websocket.server.WsFrameServer.onDataAvailable(WsFrameServer.java:82) [tomcat-embed-websocket-9.0.38.jar:9.0.38]
	at org.apache.tomcat.websocket.server.WsFrameServer.doOnDataAvailable(WsFrameServer.java:171) [tomcat-embed-websocket-9.0.38.jar:9.0.38]
	at org.apache.tomcat.websocket.server.WsFrameServer.notifyDataAvailable(WsFrameServer.java:151) [tomcat-embed-websocket-9.0.38.jar:9.0.38]
	at org.apache.tomcat.websocket.server.WsHttpUpgradeHandler.upgradeDispatch(WsHttpUpgradeHandler.java:148) [tomcat-embed-websocket-9.0.38.jar:9.0.38]
	at org.apache.coyote.http11.upgrade.UpgradeProcessorInternal.dispatch(UpgradeProcessorInternal.java:54) [tomcat-embed-core-9.0.38.jar:9.0.38]
	at org.apache.coyote.AbstractProcessorLight.process(AbstractProcessorLight.java:59) [tomcat-embed-core-9.0.38.jar:9.0.38]
	at org.apache.coyote.AbstractProtocol$ConnectionHandler.process(AbstractProtocol.java:868) [tomcat-embed-core-9.0.38.jar:9.0.38]
	at org.apache.tomcat.util.net.NioEndpoint$SocketProcessor.doRun(NioEndpoint.java:1590) [tomcat-embed-core-9.0.38.jar:9.0.38]
	at org.apache.tomcat.util.net.SocketProcessorBase.run(SocketProcessorBase.java:49) [tomcat-embed-core-9.0.38.jar:9.0.38]
	at java.util.concurrent.ThreadPoolExecutor.runWorker(ThreadPoolExecutor.java:1149) [?:1.8.0_271]
	at java.util.concurrent.ThreadPoolExecutor$Worker.run(ThreadPoolExecutor.java:624) [?:1.8.0_271]
	at org.apache.tomcat.util.threads.TaskThread$WrappingRunnable.run(TaskThread.java:61) [tomcat-embed-core-9.0.38.jar:9.0.38]
	at java.lang.Thread.run(Thread.java:748) [?:1.8.0_271]
Caused by: java.lang.NullPointerException
	at java.util.concurrent.ConcurrentHashMap.replaceNode(ConcurrentHashMap.java:1106) ~[?:1.8.0_271]
	at java.util.concurrent.ConcurrentHashMap.remove(ConcurrentHashMap.java:1097) ~[?:1.8.0_271]
	at com.company.demo.websocket.MyWebSocket.onClose(MyWebSocket.java:64) ~[classes/:?]
	... 23 more
[2021-03-22 17:58:00,740][ERROR][http-nio-8083-exec-3] 发生错误：null，Session ID： 0 (MyWebSocket.java:73)
[2021-03-22 18:01:15,326][ERROR][http-nio-8083-exec-5] Failed to call onClose method of POJO end point for POJO of type [com.company.demo.websocket.MyWebSocket] (DirectJDKLog.java:175)
java.lang.reflect.InvocationTargetException: null
	at sun.reflect.NativeMethodAccessorImpl.invoke0(Native Method) ~[?:1.8.0_271]
	at sun.reflect.NativeMethodAccessorImpl.invoke(NativeMethodAccessorImpl.java:62) ~[?:1.8.0_271]
	at sun.reflect.DelegatingMethodAccessorImpl.invoke(DelegatingMethodAccessorImpl.java:43) ~[?:1.8.0_271]
	at java.lang.reflect.Method.invoke(Method.java:498) ~[?:1.8.0_271]
	at org.apache.tomcat.websocket.pojo.PojoEndpointBase.onClose(PojoEndpointBase.java:103) [tomcat-embed-websocket-9.0.38.jar:9.0.38]
	at org.apache.tomcat.websocket.WsSession.fireEndpointOnClose(WsSession.java:556) [tomcat-embed-websocket-9.0.38.jar:9.0.38]
	at org.apache.tomcat.websocket.WsSession.onClose(WsSession.java:534) [tomcat-embed-websocket-9.0.38.jar:9.0.38]
	at org.apache.tomcat.websocket.WsFrameBase.processDataControl(WsFrameBase.java:354) [tomcat-embed-websocket-9.0.38.jar:9.0.38]
	at org.apache.tomcat.websocket.WsFrameBase.processData(WsFrameBase.java:296) [tomcat-embed-websocket-9.0.38.jar:9.0.38]
	at org.apache.tomcat.websocket.WsFrameBase.processInputBuffer(WsFrameBase.java:133) [tomcat-embed-websocket-9.0.38.jar:9.0.38]
	at org.apache.tomcat.websocket.server.WsFrameServer.onDataAvailable(WsFrameServer.java:82) [tomcat-embed-websocket-9.0.38.jar:9.0.38]
	at org.apache.tomcat.websocket.server.WsFrameServer.doOnDataAvailable(WsFrameServer.java:171) [tomcat-embed-websocket-9.0.38.jar:9.0.38]
	at org.apache.tomcat.websocket.server.WsFrameServer.notifyDataAvailable(WsFrameServer.java:151) [tomcat-embed-websocket-9.0.38.jar:9.0.38]
	at org.apache.tomcat.websocket.server.WsHttpUpgradeHandler.upgradeDispatch(WsHttpUpgradeHandler.java:148) [tomcat-embed-websocket-9.0.38.jar:9.0.38]
	at org.apache.coyote.http11.upgrade.UpgradeProcessorInternal.dispatch(UpgradeProcessorInternal.java:54) [tomcat-embed-core-9.0.38.jar:9.0.38]
	at org.apache.coyote.AbstractProcessorLight.process(AbstractProcessorLight.java:59) [tomcat-embed-core-9.0.38.jar:9.0.38]
	at org.apache.coyote.AbstractProtocol$ConnectionHandler.process(AbstractProtocol.java:868) [tomcat-embed-core-9.0.38.jar:9.0.38]
	at org.apache.tomcat.util.net.NioEndpoint$SocketProcessor.doRun(NioEndpoint.java:1590) [tomcat-embed-core-9.0.38.jar:9.0.38]
	at org.apache.tomcat.util.net.SocketProcessorBase.run(SocketProcessorBase.java:49) [tomcat-embed-core-9.0.38.jar:9.0.38]
	at java.util.concurrent.ThreadPoolExecutor.runWorker(ThreadPoolExecutor.java:1149) [?:1.8.0_271]
	at java.util.concurrent.ThreadPoolExecutor$Worker.run(ThreadPoolExecutor.java:624) [?:1.8.0_271]
	at org.apache.tomcat.util.threads.TaskThread$WrappingRunnable.run(TaskThread.java:61) [tomcat-embed-core-9.0.38.jar:9.0.38]
	at java.lang.Thread.run(Thread.java:748) [?:1.8.0_271]
Caused by: java.lang.NullPointerException
	at java.util.concurrent.ConcurrentHashMap.replaceNode(ConcurrentHashMap.java:1106) ~[?:1.8.0_271]
	at java.util.concurrent.ConcurrentHashMap.remove(ConcurrentHashMap.java:1097) ~[?:1.8.0_271]
	at com.company.demo.websocket.MyWebSocket.onClose(MyWebSocket.java:64) ~[classes/:?]
	... 23 more
[2021-03-22 18:01:15,328][ERROR][http-nio-8083-exec-5] 发生错误：null，Session ID： 1 (MyWebSocket.java:73)
[2021-03-23 10:13:31,067][ERROR][restartedMain] Application run failed (SpringApplication.java:837)
java.lang.IllegalStateException: Failed to register @ServerEndpoint class: class com.company.demo.websocket.MyWebSocket
	at org.springframework.web.socket.server.standard.ServerEndpointExporter.registerEndpoint(ServerEndpointExporter.java:159) ~[spring-websocket-5.2.9.RELEASE.jar:5.2.9.RELEASE]
	at org.springframework.web.socket.server.standard.ServerEndpointExporter.registerEndpoints(ServerEndpointExporter.java:134) ~[spring-websocket-5.2.9.RELEASE.jar:5.2.9.RELEASE]
	at org.springframework.web.socket.server.standard.ServerEndpointExporter.afterSingletonsInstantiated(ServerEndpointExporter.java:112) ~[spring-websocket-5.2.9.RELEASE.jar:5.2.9.RELEASE]
	at org.springframework.beans.factory.support.DefaultListableBeanFactory.preInstantiateSingletons(DefaultListableBeanFactory.java:914) ~[spring-beans-5.2.9.RELEASE.jar:5.2.9.RELEASE]
	at org.springframework.context.support.AbstractApplicationContext.finishBeanFactoryInitialization(AbstractApplicationContext.java:879) ~[spring-context-5.2.9.RELEASE.jar:5.2.9.RELEASE]
	at org.springframework.context.support.AbstractApplicationContext.refresh(AbstractApplicationContext.java:551) ~[spring-context-5.2.9.RELEASE.jar:5.2.9.RELEASE]
	at org.springframework.boot.web.servlet.context.ServletWebServerApplicationContext.refresh(ServletWebServerApplicationContext.java:143) ~[spring-boot-2.3.4.RELEASE.jar:2.3.4.RELEASE]
	at org.springframework.boot.SpringApplication.refresh(SpringApplication.java:758) ~[spring-boot-2.3.4.RELEASE.jar:2.3.4.RELEASE]
	at org.springframework.boot.SpringApplication.refresh(SpringApplication.java:750) [spring-boot-2.3.4.RELEASE.jar:2.3.4.RELEASE]
	at org.springframework.boot.SpringApplication.refreshContext(SpringApplication.java:397) [spring-boot-2.3.4.RELEASE.jar:2.3.4.RELEASE]
	at org.springframework.boot.SpringApplication.run(SpringApplication.java:315) [spring-boot-2.3.4.RELEASE.jar:2.3.4.RELEASE]
	at org.springframework.boot.SpringApplication.run(SpringApplication.java:1237) [spring-boot-2.3.4.RELEASE.jar:2.3.4.RELEASE]
	at org.springframework.boot.SpringApplication.run(SpringApplication.java:1226) [spring-boot-2.3.4.RELEASE.jar:2.3.4.RELEASE]
	at com.company.demo.SpringbootYouzApplication.main(SpringbootYouzApplication.java:11) [classes/:?]
	at sun.reflect.NativeMethodAccessorImpl.invoke0(Native Method) ~[?:1.8.0_271]
	at sun.reflect.NativeMethodAccessorImpl.invoke(NativeMethodAccessorImpl.java:62) ~[?:1.8.0_271]
	at sun.reflect.DelegatingMethodAccessorImpl.invoke(DelegatingMethodAccessorImpl.java:43) ~[?:1.8.0_271]
	at java.lang.reflect.Method.invoke(Method.java:498) ~[?:1.8.0_271]
	at org.springframework.boot.devtools.restart.RestartLauncher.run(RestartLauncher.java:49) [spring-boot-devtools-2.3.4.RELEASE.jar:2.3.4.RELEASE]
Caused by: javax.websocket.DeploymentException: A parameter of type [class java.lang.String] was found on method[onOpen] of class [java.lang.reflect.Method] that did not have a @PathParam annotation
	at org.apache.tomcat.websocket.pojo.PojoMethodMapping.getPathParams(PojoMethodMapping.java:318) ~[tomcat-embed-websocket-9.0.38.jar:9.0.38]
	at org.apache.tomcat.websocket.pojo.PojoMethodMapping.<init>(PojoMethodMapping.java:192) ~[tomcat-embed-websocket-9.0.38.jar:9.0.38]
	at org.apache.tomcat.websocket.server.WsServerContainer.addEndpoint(WsServerContainer.java:154) ~[tomcat-embed-websocket-9.0.38.jar:9.0.38]
	at org.apache.tomcat.websocket.server.WsServerContainer.addEndpoint(WsServerContainer.java:278) ~[tomcat-embed-websocket-9.0.38.jar:9.0.38]
	at org.apache.tomcat.websocket.server.WsServerContainer.addEndpoint(WsServerContainer.java:228) ~[tomcat-embed-websocket-9.0.38.jar:9.0.38]
	at org.springframework.web.socket.server.standard.ServerEndpointExporter.registerEndpoint(ServerEndpointExporter.java:156) ~[spring-websocket-5.2.9.RELEASE.jar:5.2.9.RELEASE]
	... 18 more
[2021-03-23 10:14:52,111][ERROR][restartedMain] Application run failed (SpringApplication.java:837)
java.lang.IllegalStateException: Failed to register @ServerEndpoint class: class com.company.demo.websocket.MyWebSocket
	at org.springframework.web.socket.server.standard.ServerEndpointExporter.registerEndpoint(ServerEndpointExporter.java:159) ~[spring-websocket-5.2.9.RELEASE.jar:5.2.9.RELEASE]
	at org.springframework.web.socket.server.standard.ServerEndpointExporter.registerEndpoints(ServerEndpointExporter.java:134) ~[spring-websocket-5.2.9.RELEASE.jar:5.2.9.RELEASE]
	at org.springframework.web.socket.server.standard.ServerEndpointExporter.afterSingletonsInstantiated(ServerEndpointExporter.java:112) ~[spring-websocket-5.2.9.RELEASE.jar:5.2.9.RELEASE]
	at org.springframework.beans.factory.support.DefaultListableBeanFactory.preInstantiateSingletons(DefaultListableBeanFactory.java:914) ~[spring-beans-5.2.9.RELEASE.jar:5.2.9.RELEASE]
	at org.springframework.context.support.AbstractApplicationContext.finishBeanFactoryInitialization(AbstractApplicationContext.java:879) ~[spring-context-5.2.9.RELEASE.jar:5.2.9.RELEASE]
	at org.springframework.context.support.AbstractApplicationContext.refresh(AbstractApplicationContext.java:551) ~[spring-context-5.2.9.RELEASE.jar:5.2.9.RELEASE]
	at org.springframework.boot.web.servlet.context.ServletWebServerApplicationContext.refresh(ServletWebServerApplicationContext.java:143) ~[spring-boot-2.3.4.RELEASE.jar:2.3.4.RELEASE]
	at org.springframework.boot.SpringApplication.refresh(SpringApplication.java:758) ~[spring-boot-2.3.4.RELEASE.jar:2.3.4.RELEASE]
	at org.springframework.boot.SpringApplication.refresh(SpringApplication.java:750) [spring-boot-2.3.4.RELEASE.jar:2.3.4.RELEASE]
	at org.springframework.boot.SpringApplication.refreshContext(SpringApplication.java:397) [spring-boot-2.3.4.RELEASE.jar:2.3.4.RELEASE]
	at org.springframework.boot.SpringApplication.run(SpringApplication.java:315) [spring-boot-2.3.4.RELEASE.jar:2.3.4.RELEASE]
	at org.springframework.boot.SpringApplication.run(SpringApplication.java:1237) [spring-boot-2.3.4.RELEASE.jar:2.3.4.RELEASE]
	at org.springframework.boot.SpringApplication.run(SpringApplication.java:1226) [spring-boot-2.3.4.RELEASE.jar:2.3.4.RELEASE]
	at com.company.demo.SpringbootYouzApplication.main(SpringbootYouzApplication.java:11) [classes/:?]
	at sun.reflect.NativeMethodAccessorImpl.invoke0(Native Method) ~[?:1.8.0_271]
	at sun.reflect.NativeMethodAccessorImpl.invoke(NativeMethodAccessorImpl.java:62) ~[?:1.8.0_271]
	at sun.reflect.DelegatingMethodAccessorImpl.invoke(DelegatingMethodAccessorImpl.java:43) ~[?:1.8.0_271]
	at java.lang.reflect.Method.invoke(Method.java:498) ~[?:1.8.0_271]
	at org.springframework.boot.devtools.restart.RestartLauncher.run(RestartLauncher.java:49) [spring-boot-devtools-2.3.4.RELEASE.jar:2.3.4.RELEASE]
Caused by: javax.websocket.DeploymentException: A parameter of type [class java.lang.String] was found on method[onOpen] of class [java.lang.reflect.Method] that did not have a @PathParam annotation
	at org.apache.tomcat.websocket.pojo.PojoMethodMapping.getPathParams(PojoMethodMapping.java:318) ~[tomcat-embed-websocket-9.0.38.jar:9.0.38]
	at org.apache.tomcat.websocket.pojo.PojoMethodMapping.<init>(PojoMethodMapping.java:192) ~[tomcat-embed-websocket-9.0.38.jar:9.0.38]
	at org.apache.tomcat.websocket.server.WsServerContainer.addEndpoint(WsServerContainer.java:154) ~[tomcat-embed-websocket-9.0.38.jar:9.0.38]
	at org.apache.tomcat.websocket.server.WsServerContainer.addEndpoint(WsServerContainer.java:278) ~[tomcat-embed-websocket-9.0.38.jar:9.0.38]
	at org.apache.tomcat.websocket.server.WsServerContainer.addEndpoint(WsServerContainer.java:228) ~[tomcat-embed-websocket-9.0.38.jar:9.0.38]
	at org.springframework.web.socket.server.standard.ServerEndpointExporter.registerEndpoint(ServerEndpointExporter.java:156) ~[spring-websocket-5.2.9.RELEASE.jar:5.2.9.RELEASE]
	... 18 more
[2021-03-23 10:15:28,566][ERROR][restartedMain] Application run failed (SpringApplication.java:837)
java.lang.IllegalStateException: Failed to register @ServerEndpoint class: class com.company.demo.websocket.MyWebSocket
	at org.springframework.web.socket.server.standard.ServerEndpointExporter.registerEndpoint(ServerEndpointExporter.java:159) ~[spring-websocket-5.2.9.RELEASE.jar:5.2.9.RELEASE]
	at org.springframework.web.socket.server.standard.ServerEndpointExporter.registerEndpoints(ServerEndpointExporter.java:134) ~[spring-websocket-5.2.9.RELEASE.jar:5.2.9.RELEASE]
	at org.springframework.web.socket.server.standard.ServerEndpointExporter.afterSingletonsInstantiated(ServerEndpointExporter.java:112) ~[spring-websocket-5.2.9.RELEASE.jar:5.2.9.RELEASE]
	at org.springframework.beans.factory.support.DefaultListableBeanFactory.preInstantiateSingletons(DefaultListableBeanFactory.java:914) ~[spring-beans-5.2.9.RELEASE.jar:5.2.9.RELEASE]
	at org.springframework.context.support.AbstractApplicationContext.finishBeanFactoryInitialization(AbstractApplicationContext.java:879) ~[spring-context-5.2.9.RELEASE.jar:5.2.9.RELEASE]
	at org.springframework.context.support.AbstractApplicationContext.refresh(AbstractApplicationContext.java:551) ~[spring-context-5.2.9.RELEASE.jar:5.2.9.RELEASE]
	at org.springframework.boot.web.servlet.context.ServletWebServerApplicationContext.refresh(ServletWebServerApplicationContext.java:143) ~[spring-boot-2.3.4.RELEASE.jar:2.3.4.RELEASE]
	at org.springframework.boot.SpringApplication.refresh(SpringApplication.java:758) ~[spring-boot-2.3.4.RELEASE.jar:2.3.4.RELEASE]
	at org.springframework.boot.SpringApplication.refresh(SpringApplication.java:750) [spring-boot-2.3.4.RELEASE.jar:2.3.4.RELEASE]
	at org.springframework.boot.SpringApplication.refreshContext(SpringApplication.java:397) [spring-boot-2.3.4.RELEASE.jar:2.3.4.RELEASE]
	at org.springframework.boot.SpringApplication.run(SpringApplication.java:315) [spring-boot-2.3.4.RELEASE.jar:2.3.4.RELEASE]
	at org.springframework.boot.SpringApplication.run(SpringApplication.java:1237) [spring-boot-2.3.4.RELEASE.jar:2.3.4.RELEASE]
	at org.springframework.boot.SpringApplication.run(SpringApplication.java:1226) [spring-boot-2.3.4.RELEASE.jar:2.3.4.RELEASE]
	at com.company.demo.SpringbootYouzApplication.main(SpringbootYouzApplication.java:11) [classes/:?]
	at sun.reflect.NativeMethodAccessorImpl.invoke0(Native Method) ~[?:1.8.0_271]
	at sun.reflect.NativeMethodAccessorImpl.invoke(NativeMethodAccessorImpl.java:62) ~[?:1.8.0_271]
	at sun.reflect.DelegatingMethodAccessorImpl.invoke(DelegatingMethodAccessorImpl.java:43) ~[?:1.8.0_271]
	at java.lang.reflect.Method.invoke(Method.java:498) ~[?:1.8.0_271]
	at org.springframework.boot.devtools.restart.RestartLauncher.run(RestartLauncher.java:49) [spring-boot-devtools-2.3.4.RELEASE.jar:2.3.4.RELEASE]
Caused by: javax.websocket.DeploymentException: A parameter of type [class java.lang.String] was found on method[onOpen] of class [java.lang.reflect.Method] that did not have a @PathParam annotation
	at org.apache.tomcat.websocket.pojo.PojoMethodMapping.getPathParams(PojoMethodMapping.java:318) ~[tomcat-embed-websocket-9.0.38.jar:9.0.38]
	at org.apache.tomcat.websocket.pojo.PojoMethodMapping.<init>(PojoMethodMapping.java:192) ~[tomcat-embed-websocket-9.0.38.jar:9.0.38]
	at org.apache.tomcat.websocket.server.WsServerContainer.addEndpoint(WsServerContainer.java:154) ~[tomcat-embed-websocket-9.0.38.jar:9.0.38]
	at org.apache.tomcat.websocket.server.WsServerContainer.addEndpoint(WsServerContainer.java:278) ~[tomcat-embed-websocket-9.0.38.jar:9.0.38]
	at org.apache.tomcat.websocket.server.WsServerContainer.addEndpoint(WsServerContainer.java:228) ~[tomcat-embed-websocket-9.0.38.jar:9.0.38]
	at org.springframework.web.socket.server.standard.ServerEndpointExporter.registerEndpoint(ServerEndpointExporter.java:156) ~[spring-websocket-5.2.9.RELEASE.jar:5.2.9.RELEASE]
	... 18 more
[2021-03-23 14:33:09,725][ERROR][main] 

***************************
APPLICATION FAILED TO START
***************************

Description:

Web server failed to start. Port 8083 was already in use.

Action:

Identify and stop the process that's listening on port 8083 or configure this application to listen on another port.
 (LoggingFailureAnalysisReporter.java:40)
